have_header: checking for unistd.h... -------------------- yes

"clang -o conftest -I/Users/takumi.c.yoshida/.rbenv/versions/2.7.1/include/ruby-2.7.0/x86_64-darwin19 -I/Users/takumi.c.yoshida/.rbenv/versions/2.7.1/include/ruby-2.7.0/ruby/backward -I/Users/takumi.c.yoshida/.rbenv/versions/2.7.1/include/ruby-2.7.0 -I. -I/Users/takumi.c.yoshida/.rbenv/versions/2.7.1/include -I/usr/local/opt/openssl/include -D_XOPEN_SOURCE -D_DARWIN_C_SOURCE -D_DARWIN_UNLIMITED_SELECT -D_REENTRANT   -O3 -ggdb3 -Wall -Wextra -Wdeprecated-declarations -Wdivision-by-zero -Wimplicit-function-declaration -Wimplicit-int -Wpointer-arith -Wshorten-64-to-32 -Wwrite-strings -Wmissing-noreturn -Wno-constant-logical-operand -Wno-long-long -Wno-missing-field-initializers -Wno-overlength-strings -Wno-parentheses-equality -Wno-self-assign -Wno-tautological-compare -Wno-unused-parameter -Wno-unused-value -Wunused-variable -Wextra-tokens  -fno-common -pipe conftest.c  -L. -L/Users/takumi.c.yoshida/.rbenv/versions/2.7.1/lib -L. -L/Users/takumi.c.yoshida/.rbenv/versions/2.7.1/lib -L/usr/local/opt/openssl/lib -fstack-protector-strong -L/usr/local/lib     -lruby.2.7   "
checked program was:
/* begin */
1: #include "ruby.h"
2: 
3: int main(int argc, char **argv)
4: {
5:   return !!argv[argc];
6: }
/* end */

"clang -E -I/Users/takumi.c.yoshida/.rbenv/versions/2.7.1/include/ruby-2.7.0/x86_64-darwin19 -I/Users/takumi.c.yoshida/.rbenv/versions/2.7.1/include/ruby-2.7.0/ruby/backward -I/Users/takumi.c.yoshida/.rbenv/versions/2.7.1/include/ruby-2.7.0 -I. -I/Users/takumi.c.yoshida/.rbenv/versions/2.7.1/include -I/usr/local/opt/openssl/include -D_XOPEN_SOURCE -D_DARWIN_C_SOURCE -D_DARWIN_UNLIMITED_SELECT -D_REENTRANT   -O3 -ggdb3 -Wall -Wextra -Wdeprecated-declarations -Wdivision-by-zero -Wimplicit-function-declaration -Wimplicit-int -Wpointer-arith -Wshorten-64-to-32 -Wwrite-strings -Wmissing-noreturn -Wno-constant-logical-operand -Wno-long-long -Wno-missing-field-initializers -Wno-overlength-strings -Wno-parentheses-equality -Wno-self-assign -Wno-tautological-compare -Wno-unused-parameter -Wno-unused-value -Wunused-variable -Wextra-tokens  -fno-common -pipe  conftest.c -o conftest.i"
checked program was:
/* begin */
1: #include "ruby.h"
2: 
3: #include <unistd.h>
/* end */

--------------------

have_header: checking for linux/aio_abi.h... -------------------- no

"clang -E -I/Users/takumi.c.yoshida/.rbenv/versions/2.7.1/include/ruby-2.7.0/x86_64-darwin19 -I/Users/takumi.c.yoshida/.rbenv/versions/2.7.1/include/ruby-2.7.0/ruby/backward -I/Users/takumi.c.yoshida/.rbenv/versions/2.7.1/include/ruby-2.7.0 -I. -I/Users/takumi.c.yoshida/.rbenv/versions/2.7.1/include -I/usr/local/opt/openssl/include -D_XOPEN_SOURCE -D_DARWIN_C_SOURCE -D_DARWIN_UNLIMITED_SELECT -D_REENTRANT   -O3 -ggdb3 -Wall -Wextra -Wdeprecated-declarations -Wdivision-by-zero -Wimplicit-function-declaration -Wimplicit-int -Wpointer-arith -Wshorten-64-to-32 -Wwrite-strings -Wmissing-noreturn -Wno-constant-logical-operand -Wno-long-long -Wno-missing-field-initializers -Wno-overlength-strings -Wno-parentheses-equality -Wno-self-assign -Wno-tautological-compare -Wno-unused-parameter -Wno-unused-value -Wunused-variable -Wextra-tokens  -fno-common -pipe  conftest.c -o conftest.i"
conftest.c:3:10: fatal error: 'linux/aio_abi.h' file not found
#include <linux/aio_abi.h>
         ^~~~~~~~~~~~~~~~~
1 error generated.
checked program was:
/* begin */
1: #include "ruby.h"
2: 
3: #include <linux/aio_abi.h>
/* end */

--------------------

have_header: checking for sys/select.h... -------------------- yes

"clang -E -I/Users/takumi.c.yoshida/.rbenv/versions/2.7.1/include/ruby-2.7.0/x86_64-darwin19 -I/Users/takumi.c.yoshida/.rbenv/versions/2.7.1/include/ruby-2.7.0/ruby/backward -I/Users/takumi.c.yoshida/.rbenv/versions/2.7.1/include/ruby-2.7.0 -I. -I/Users/takumi.c.yoshida/.rbenv/versions/2.7.1/include -I/usr/local/opt/openssl/include -D_XOPEN_SOURCE -D_DARWIN_C_SOURCE -D_DARWIN_UNLIMITED_SELECT -D_REENTRANT   -O3 -ggdb3 -Wall -Wextra -Wdeprecated-declarations -Wdivision-by-zero -Wimplicit-function-declaration -Wimplicit-int -Wpointer-arith -Wshorten-64-to-32 -Wwrite-strings -Wmissing-noreturn -Wno-constant-logical-operand -Wno-long-long -Wno-missing-field-initializers -Wno-overlength-strings -Wno-parentheses-equality -Wno-self-assign -Wno-tautological-compare -Wno-unused-parameter -Wno-unused-value -Wunused-variable -Wextra-tokens  -fno-common -pipe  conftest.c -o conftest.i"
checked program was:
/* begin */
1: #include "ruby.h"
2: 
3: #include <sys/select.h>
/* end */

--------------------

have_type: checking for port_event_t in poll.h... -------------------- no

"clang -I/Users/takumi.c.yoshida/.rbenv/versions/2.7.1/include/ruby-2.7.0/x86_64-darwin19 -I/Users/takumi.c.yoshida/.rbenv/versions/2.7.1/include/ruby-2.7.0/ruby/backward -I/Users/takumi.c.yoshida/.rbenv/versions/2.7.1/include/ruby-2.7.0 -I. -I/Users/takumi.c.yoshida/.rbenv/versions/2.7.1/include -I/usr/local/opt/openssl/include -D_XOPEN_SOURCE -D_DARWIN_C_SOURCE -D_DARWIN_UNLIMITED_SELECT -D_REENTRANT   -O3 -ggdb3 -Wall -Wextra -Wdeprecated-declarations -Wdivision-by-zero -Wimplicit-function-declaration -Wimplicit-int -Wpointer-arith -Wshorten-64-to-32 -Wwrite-strings -Wmissing-noreturn -Wno-constant-logical-operand -Wno-long-long -Wno-missing-field-initializers -Wno-overlength-strings -Wno-parentheses-equality -Wno-self-assign -Wno-tautological-compare -Wno-unused-parameter -Wno-unused-value -Wunused-variable -Wextra-tokens  -fno-common -pipe   -c conftest.c"
conftest.c:6:9: error: unknown type name 'port_event_t'
typedef port_event_t conftest_type;
        ^
1 error generated.
checked program was:
/* begin */
1: #include "ruby.h"
2: 
3: #include <poll.h>
4: 
5: /*top*/
6: typedef port_event_t conftest_type;
7: int conftestval[sizeof(conftest_type)?1:-1];
/* end */

--------------------

have_header: checking for sys/epoll.h... -------------------- no

"clang -E -I/Users/takumi.c.yoshida/.rbenv/versions/2.7.1/include/ruby-2.7.0/x86_64-darwin19 -I/Users/takumi.c.yoshida/.rbenv/versions/2.7.1/include/ruby-2.7.0/ruby/backward -I/Users/takumi.c.yoshida/.rbenv/versions/2.7.1/include/ruby-2.7.0 -I. -I/Users/takumi.c.yoshida/.rbenv/versions/2.7.1/include -I/usr/local/opt/openssl/include -D_XOPEN_SOURCE -D_DARWIN_C_SOURCE -D_DARWIN_UNLIMITED_SELECT -D_REENTRANT   -O3 -ggdb3 -Wall -Wextra -Wdeprecated-declarations -Wdivision-by-zero -Wimplicit-function-declaration -Wimplicit-int -Wpointer-arith -Wshorten-64-to-32 -Wwrite-strings -Wmissing-noreturn -Wno-constant-logical-operand -Wno-long-long -Wno-missing-field-initializers -Wno-overlength-strings -Wno-parentheses-equality -Wno-self-assign -Wno-tautological-compare -Wno-unused-parameter -Wno-unused-value -Wunused-variable -Wextra-tokens  -fno-common -pipe  conftest.c -o conftest.i"
conftest.c:3:10: fatal error: 'sys/epoll.h' file not found
#include <sys/epoll.h>
         ^~~~~~~~~~~~~
1 error generated.
checked program was:
/* begin */
1: #include "ruby.h"
2: 
3: #include <sys/epoll.h>
/* end */

--------------------

have_header: checking for sys/event.h... -------------------- yes

"clang -E -I/Users/takumi.c.yoshida/.rbenv/versions/2.7.1/include/ruby-2.7.0/x86_64-darwin19 -I/Users/takumi.c.yoshida/.rbenv/versions/2.7.1/include/ruby-2.7.0/ruby/backward -I/Users/takumi.c.yoshida/.rbenv/versions/2.7.1/include/ruby-2.7.0 -I. -I/Users/takumi.c.yoshida/.rbenv/versions/2.7.1/include -I/usr/local/opt/openssl/include -D_XOPEN_SOURCE -D_DARWIN_C_SOURCE -D_DARWIN_UNLIMITED_SELECT -D_REENTRANT   -O3 -ggdb3 -Wall -Wextra -Wdeprecated-declarations -Wdivision-by-zero -Wimplicit-function-declaration -Wimplicit-int -Wpointer-arith -Wshorten-64-to-32 -Wwrite-strings -Wmissing-noreturn -Wno-constant-logical-operand -Wno-long-long -Wno-missing-field-initializers -Wno-overlength-strings -Wno-parentheses-equality -Wno-self-assign -Wno-tautological-compare -Wno-unused-parameter -Wno-unused-value -Wunused-variable -Wextra-tokens  -fno-common -pipe  conftest.c -o conftest.i"
checked program was:
/* begin */
1: #include "ruby.h"
2: 
3: #include <sys/event.h>
/* end */

--------------------

have_header: checking for sys/queue.h... -------------------- yes

"clang -E -I/Users/takumi.c.yoshida/.rbenv/versions/2.7.1/include/ruby-2.7.0/x86_64-darwin19 -I/Users/takumi.c.yoshida/.rbenv/versions/2.7.1/include/ruby-2.7.0/ruby/backward -I/Users/takumi.c.yoshida/.rbenv/versions/2.7.1/include/ruby-2.7.0 -I. -I/Users/takumi.c.yoshida/.rbenv/versions/2.7.1/include -I/usr/local/opt/openssl/include -D_XOPEN_SOURCE -D_DARWIN_C_SOURCE -D_DARWIN_UNLIMITED_SELECT -D_REENTRANT   -O3 -ggdb3 -Wall -Wextra -Wdeprecated-declarations -Wdivision-by-zero -Wimplicit-function-declaration -Wimplicit-int -Wpointer-arith -Wshorten-64-to-32 -Wwrite-strings -Wmissing-noreturn -Wno-constant-logical-operand -Wno-long-long -Wno-missing-field-initializers -Wno-overlength-strings -Wno-parentheses-equality -Wno-self-assign -Wno-tautological-compare -Wno-unused-parameter -Wno-unused-value -Wunused-variable -Wextra-tokens  -fno-common -pipe  conftest.c -o conftest.i"
checked program was:
/* begin */
1: #include "ruby.h"
2: 
3: #include <sys/queue.h>
/* end */

--------------------

have_type: checking for port_event_t in port.h... -------------------- no

"clang -I/Users/takumi.c.yoshida/.rbenv/versions/2.7.1/include/ruby-2.7.0/x86_64-darwin19 -I/Users/takumi.c.yoshida/.rbenv/versions/2.7.1/include/ruby-2.7.0/ruby/backward -I/Users/takumi.c.yoshida/.rbenv/versions/2.7.1/include/ruby-2.7.0 -I. -I/Users/takumi.c.yoshida/.rbenv/versions/2.7.1/include -I/usr/local/opt/openssl/include -D_XOPEN_SOURCE -D_DARWIN_C_SOURCE -D_DARWIN_UNLIMITED_SELECT -D_REENTRANT   -O3 -ggdb3 -Wall -Wextra -Wdeprecated-declarations -Wdivision-by-zero -Wimplicit-function-declaration -Wimplicit-int -Wpointer-arith -Wshorten-64-to-32 -Wwrite-strings -Wmissing-noreturn -Wno-constant-logical-operand -Wno-long-long -Wno-missing-field-initializers -Wno-overlength-strings -Wno-parentheses-equality -Wno-self-assign -Wno-tautological-compare -Wno-unused-parameter -Wno-unused-value -Wunused-variable -Wextra-tokens  -fno-common -pipe   -c conftest.c"
conftest.c:3:10: fatal error: 'port.h' file not found
#include <port.h>
         ^~~~~~~~
1 error generated.
checked program was:
/* begin */
1: #include "ruby.h"
2: 
3: #include <port.h>
4: 
5: /*top*/
6: typedef port_event_t conftest_type;
7: int conftestval[sizeof(conftest_type)?1:-1];
/* end */

--------------------

have_header: checking for sys/resource.h... -------------------- yes

"clang -E -I/Users/takumi.c.yoshida/.rbenv/versions/2.7.1/include/ruby-2.7.0/x86_64-darwin19 -I/Users/takumi.c.yoshida/.rbenv/versions/2.7.1/include/ruby-2.7.0/ruby/backward -I/Users/takumi.c.yoshida/.rbenv/versions/2.7.1/include/ruby-2.7.0 -I. -I/Users/takumi.c.yoshida/.rbenv/versions/2.7.1/include -I/usr/local/opt/openssl/include -D_XOPEN_SOURCE -D_DARWIN_C_SOURCE -D_DARWIN_UNLIMITED_SELECT -D_REENTRANT   -O3 -ggdb3 -Wall -Wextra -Wdeprecated-declarations -Wdivision-by-zero -Wimplicit-function-declaration -Wimplicit-int -Wpointer-arith -Wshorten-64-to-32 -Wwrite-strings -Wmissing-noreturn -Wno-constant-logical-operand -Wno-long-long -Wno-missing-field-initializers -Wno-overlength-strings -Wno-parentheses-equality -Wno-self-assign -Wno-tautological-compare -Wno-unused-parameter -Wno-unused-value -Wunused-variable -Wextra-tokens  -fno-common -pipe  conftest.c -o conftest.i"
checked program was:
/* begin */
1: #include "ruby.h"
2: 
3: #include <sys/resource.h>
/* end */

--------------------

