have_library: checking for BIO_read() in -lcrypto... -------------------- yes

"clang -o conftest -I/Users/takumi.c.yoshida/.rbenv/versions/2.7.1/include/ruby-2.7.0/x86_64-darwin19 -I/Users/takumi.c.yoshida/.rbenv/versions/2.7.1/include/ruby-2.7.0/ruby/backward -I/Users/takumi.c.yoshida/.rbenv/versions/2.7.1/include/ruby-2.7.0 -I. -I/Users/takumi.c.yoshida/.rbenv/versions/2.7.1/openssl/include -I/Users/takumi.c.yoshida/.rbenv/versions/2.7.1/include -I/usr/local/opt/openssl/include -D_XOPEN_SOURCE -D_DARWIN_C_SOURCE -D_DARWIN_UNLIMITED_SELECT -D_REENTRANT   -O3 -ggdb3 -Wall -Wextra -Wdeprecated-declarations -Wdivision-by-zero -Wimplicit-function-declaration -Wimplicit-int -Wpointer-arith -Wshorten-64-to-32 -Wwrite-strings -Wmissing-noreturn -Wno-constant-logical-operand -Wno-long-long -Wno-missing-field-initializers -Wno-overlength-strings -Wno-parentheses-equality -Wno-self-assign -Wno-tautological-compare -Wno-unused-parameter -Wno-unused-value -Wunused-variable -Wextra-tokens  -fno-common -pipe conftest.c  -L. -L/Users/takumi.c.yoshida/.rbenv/versions/2.7.1/lib -L/Users/takumi.c.yoshida/.rbenv/versions/2.7.1/openssl/lib -L. -L/Users/takumi.c.yoshida/.rbenv/versions/2.7.1/lib -L/usr/local/opt/openssl/lib -fstack-protector-strong -L/usr/local/lib     -lruby.2.7   "
checked program was:
/* begin */
1: #include "ruby.h"
2: 
3: int main(int argc, char **argv)
4: {
5:   return !!argv[argc];
6: }
/* end */

"clang -o conftest -I/Users/takumi.c.yoshida/.rbenv/versions/2.7.1/include/ruby-2.7.0/x86_64-darwin19 -I/Users/takumi.c.yoshida/.rbenv/versions/2.7.1/include/ruby-2.7.0/ruby/backward -I/Users/takumi.c.yoshida/.rbenv/versions/2.7.1/include/ruby-2.7.0 -I. -I/Users/takumi.c.yoshida/.rbenv/versions/2.7.1/openssl/include -I/Users/takumi.c.yoshida/.rbenv/versions/2.7.1/include -I/usr/local/opt/openssl/include -D_XOPEN_SOURCE -D_DARWIN_C_SOURCE -D_DARWIN_UNLIMITED_SELECT -D_REENTRANT   -O3 -ggdb3 -Wall -Wextra -Wdeprecated-declarations -Wdivision-by-zero -Wimplicit-function-declaration -Wimplicit-int -Wpointer-arith -Wshorten-64-to-32 -Wwrite-strings -Wmissing-noreturn -Wno-constant-logical-operand -Wno-long-long -Wno-missing-field-initializers -Wno-overlength-strings -Wno-parentheses-equality -Wno-self-assign -Wno-tautological-compare -Wno-unused-parameter -Wno-unused-value -Wunused-variable -Wextra-tokens  -fno-common -pipe conftest.c  -L. -L/Users/takumi.c.yoshida/.rbenv/versions/2.7.1/lib -L/Users/takumi.c.yoshida/.rbenv/versions/2.7.1/openssl/lib -L. -L/Users/takumi.c.yoshida/.rbenv/versions/2.7.1/lib -L/usr/local/opt/openssl/lib -fstack-protector-strong -L/usr/local/lib     -lruby.2.7 -lcrypto   "
conftest.c:14:57: error: use of undeclared identifier 'BIO_read'
int t(void) { void ((*volatile p)()); p = (void ((*)()))BIO_read; return !p; }
                                                        ^
1 error generated.
checked program was:
/* begin */
 1: #include "ruby.h"
 2: 
 3: /*top*/
 4: extern int t(void);
 5: int main(int argc, char **argv)
 6: {
 7:   if (argc > 1000000) {
 8:     int (* volatile tp)(void)=(int (*)(void))&t;
 9:     printf("%d", (*tp)());
10:   }
11: 
12:   return !!argv[argc];
13: }
14: int t(void) { void ((*volatile p)()); p = (void ((*)()))BIO_read; return !p; }
/* end */

"clang -o conftest -I/Users/takumi.c.yoshida/.rbenv/versions/2.7.1/include/ruby-2.7.0/x86_64-darwin19 -I/Users/takumi.c.yoshida/.rbenv/versions/2.7.1/include/ruby-2.7.0/ruby/backward -I/Users/takumi.c.yoshida/.rbenv/versions/2.7.1/include/ruby-2.7.0 -I. -I/Users/takumi.c.yoshida/.rbenv/versions/2.7.1/openssl/include -I/Users/takumi.c.yoshida/.rbenv/versions/2.7.1/include -I/usr/local/opt/openssl/include -D_XOPEN_SOURCE -D_DARWIN_C_SOURCE -D_DARWIN_UNLIMITED_SELECT -D_REENTRANT   -O3 -ggdb3 -Wall -Wextra -Wdeprecated-declarations -Wdivision-by-zero -Wimplicit-function-declaration -Wimplicit-int -Wpointer-arith -Wshorten-64-to-32 -Wwrite-strings -Wmissing-noreturn -Wno-constant-logical-operand -Wno-long-long -Wno-missing-field-initializers -Wno-overlength-strings -Wno-parentheses-equality -Wno-self-assign -Wno-tautological-compare -Wno-unused-parameter -Wno-unused-value -Wunused-variable -Wextra-tokens  -fno-common -pipe conftest.c  -L. -L/Users/takumi.c.yoshida/.rbenv/versions/2.7.1/lib -L/Users/takumi.c.yoshida/.rbenv/versions/2.7.1/openssl/lib -L. -L/Users/takumi.c.yoshida/.rbenv/versions/2.7.1/lib -L/usr/local/opt/openssl/lib -fstack-protector-strong -L/usr/local/lib     -lruby.2.7 -lcrypto   "
checked program was:
/* begin */
 1: #include "ruby.h"
 2: 
 3: /*top*/
 4: extern int t(void);
 5: int main(int argc, char **argv)
 6: {
 7:   if (argc > 1000000) {
 8:     int (* volatile tp)(void)=(int (*)(void))&t;
 9:     printf("%d", (*tp)());
10:   }
11: 
12:   return !!argv[argc];
13: }
14: extern void BIO_read();
15: int t(void) { BIO_read(); return 0; }
/* end */

--------------------

have_library: checking for SSL_CTX_new() in -lssl... -------------------- yes

"clang -o conftest -I/Users/takumi.c.yoshida/.rbenv/versions/2.7.1/include/ruby-2.7.0/x86_64-darwin19 -I/Users/takumi.c.yoshida/.rbenv/versions/2.7.1/include/ruby-2.7.0/ruby/backward -I/Users/takumi.c.yoshida/.rbenv/versions/2.7.1/include/ruby-2.7.0 -I. -I/Users/takumi.c.yoshida/.rbenv/versions/2.7.1/openssl/include -I/Users/takumi.c.yoshida/.rbenv/versions/2.7.1/include -I/usr/local/opt/openssl/include -D_XOPEN_SOURCE -D_DARWIN_C_SOURCE -D_DARWIN_UNLIMITED_SELECT -D_REENTRANT   -O3 -ggdb3 -Wall -Wextra -Wdeprecated-declarations -Wdivision-by-zero -Wimplicit-function-declaration -Wimplicit-int -Wpointer-arith -Wshorten-64-to-32 -Wwrite-strings -Wmissing-noreturn -Wno-constant-logical-operand -Wno-long-long -Wno-missing-field-initializers -Wno-overlength-strings -Wno-parentheses-equality -Wno-self-assign -Wno-tautological-compare -Wno-unused-parameter -Wno-unused-value -Wunused-variable -Wextra-tokens  -fno-common -pipe conftest.c  -L. -L/Users/takumi.c.yoshida/.rbenv/versions/2.7.1/lib -L/Users/takumi.c.yoshida/.rbenv/versions/2.7.1/openssl/lib -L. -L/Users/takumi.c.yoshida/.rbenv/versions/2.7.1/lib -L/usr/local/opt/openssl/lib -fstack-protector-strong -L/usr/local/lib    -lcrypto  -lruby.2.7 -lssl -lcrypto   "
conftest.c:14:57: error: use of undeclared identifier 'SSL_CTX_new'
int t(void) { void ((*volatile p)()); p = (void ((*)()))SSL_CTX_new; return !p; }
                                                        ^
1 error generated.
checked program was:
/* begin */
 1: #include "ruby.h"
 2: 
 3: /*top*/
 4: extern int t(void);
 5: int main(int argc, char **argv)
 6: {
 7:   if (argc > 1000000) {
 8:     int (* volatile tp)(void)=(int (*)(void))&t;
 9:     printf("%d", (*tp)());
10:   }
11: 
12:   return !!argv[argc];
13: }
14: int t(void) { void ((*volatile p)()); p = (void ((*)()))SSL_CTX_new; return !p; }
/* end */

"clang -o conftest -I/Users/takumi.c.yoshida/.rbenv/versions/2.7.1/include/ruby-2.7.0/x86_64-darwin19 -I/Users/takumi.c.yoshida/.rbenv/versions/2.7.1/include/ruby-2.7.0/ruby/backward -I/Users/takumi.c.yoshida/.rbenv/versions/2.7.1/include/ruby-2.7.0 -I. -I/Users/takumi.c.yoshida/.rbenv/versions/2.7.1/openssl/include -I/Users/takumi.c.yoshida/.rbenv/versions/2.7.1/include -I/usr/local/opt/openssl/include -D_XOPEN_SOURCE -D_DARWIN_C_SOURCE -D_DARWIN_UNLIMITED_SELECT -D_REENTRANT   -O3 -ggdb3 -Wall -Wextra -Wdeprecated-declarations -Wdivision-by-zero -Wimplicit-function-declaration -Wimplicit-int -Wpointer-arith -Wshorten-64-to-32 -Wwrite-strings -Wmissing-noreturn -Wno-constant-logical-operand -Wno-long-long -Wno-missing-field-initializers -Wno-overlength-strings -Wno-parentheses-equality -Wno-self-assign -Wno-tautological-compare -Wno-unused-parameter -Wno-unused-value -Wunused-variable -Wextra-tokens  -fno-common -pipe conftest.c  -L. -L/Users/takumi.c.yoshida/.rbenv/versions/2.7.1/lib -L/Users/takumi.c.yoshida/.rbenv/versions/2.7.1/openssl/lib -L. -L/Users/takumi.c.yoshida/.rbenv/versions/2.7.1/lib -L/usr/local/opt/openssl/lib -fstack-protector-strong -L/usr/local/lib    -lcrypto  -lruby.2.7 -lssl -lcrypto   "
checked program was:
/* begin */
 1: #include "ruby.h"
 2: 
 3: /*top*/
 4: extern int t(void);
 5: int main(int argc, char **argv)
 6: {
 7:   if (argc > 1000000) {
 8:     int (* volatile tp)(void)=(int (*)(void))&t;
 9:     printf("%d", (*tp)());
10:   }
11: 
12:   return !!argv[argc];
13: }
14: extern void SSL_CTX_new();
15: int t(void) { SSL_CTX_new(); return 0; }
/* end */

--------------------

have_header: checking for openssl/bio.h... -------------------- yes

"clang -E -I/Users/takumi.c.yoshida/.rbenv/versions/2.7.1/include/ruby-2.7.0/x86_64-darwin19 -I/Users/takumi.c.yoshida/.rbenv/versions/2.7.1/include/ruby-2.7.0/ruby/backward -I/Users/takumi.c.yoshida/.rbenv/versions/2.7.1/include/ruby-2.7.0 -I. -I/Users/takumi.c.yoshida/.rbenv/versions/2.7.1/openssl/include -I/Users/takumi.c.yoshida/.rbenv/versions/2.7.1/include -I/usr/local/opt/openssl/include -D_XOPEN_SOURCE -D_DARWIN_C_SOURCE -D_DARWIN_UNLIMITED_SELECT -D_REENTRANT   -O3 -ggdb3 -Wall -Wextra -Wdeprecated-declarations -Wdivision-by-zero -Wimplicit-function-declaration -Wimplicit-int -Wpointer-arith -Wshorten-64-to-32 -Wwrite-strings -Wmissing-noreturn -Wno-constant-logical-operand -Wno-long-long -Wno-missing-field-initializers -Wno-overlength-strings -Wno-parentheses-equality -Wno-self-assign -Wno-tautological-compare -Wno-unused-parameter -Wno-unused-value -Wunused-variable -Wextra-tokens  -fno-common -pipe  conftest.c -o conftest.i"
checked program was:
/* begin */
1: #include "ruby.h"
2: 
3: #include <openssl/bio.h>
/* end */

--------------------

have_func: checking for DTLS_method() in openssl/ssl.h... -------------------- yes

"clang -o conftest -I/Users/takumi.c.yoshida/.rbenv/versions/2.7.1/include/ruby-2.7.0/x86_64-darwin19 -I/Users/takumi.c.yoshida/.rbenv/versions/2.7.1/include/ruby-2.7.0/ruby/backward -I/Users/takumi.c.yoshida/.rbenv/versions/2.7.1/include/ruby-2.7.0 -I. -I/Users/takumi.c.yoshida/.rbenv/versions/2.7.1/openssl/include -I/Users/takumi.c.yoshida/.rbenv/versions/2.7.1/include -I/usr/local/opt/openssl/include -D_XOPEN_SOURCE -D_DARWIN_C_SOURCE -D_DARWIN_UNLIMITED_SELECT -D_REENTRANT   -O3 -ggdb3 -Wall -Wextra -Wdeprecated-declarations -Wdivision-by-zero -Wimplicit-function-declaration -Wimplicit-int -Wpointer-arith -Wshorten-64-to-32 -Wwrite-strings -Wmissing-noreturn -Wno-constant-logical-operand -Wno-long-long -Wno-missing-field-initializers -Wno-overlength-strings -Wno-parentheses-equality -Wno-self-assign -Wno-tautological-compare -Wno-unused-parameter -Wno-unused-value -Wunused-variable -Wextra-tokens  -fno-common -pipe conftest.c  -L. -L/Users/takumi.c.yoshida/.rbenv/versions/2.7.1/lib -L/Users/takumi.c.yoshida/.rbenv/versions/2.7.1/openssl/lib -L. -L/Users/takumi.c.yoshida/.rbenv/versions/2.7.1/lib -L/usr/local/opt/openssl/lib -fstack-protector-strong -L/usr/local/lib    -lssl -lcrypto  -lruby.2.7 -lssl -lcrypto   "
checked program was:
/* begin */
 1: #include "ruby.h"
 2: 
 3: #include <openssl/ssl.h>
 4: 
 5: /*top*/
 6: extern int t(void);
 7: int main(int argc, char **argv)
 8: {
 9:   if (argc > 1000000) {
10:     int (* volatile tp)(void)=(int (*)(void))&t;
11:     printf("%d", (*tp)());
12:   }
13: 
14:   return !!argv[argc];
15: }
16: int t(void) { void ((*volatile p)()); p = (void ((*)()))DTLS_method; return !p; }
/* end */

--------------------

have_func: checking for TLS_server_method() in openssl/ssl.h... -------------------- yes

"clang -o conftest -I/Users/takumi.c.yoshida/.rbenv/versions/2.7.1/include/ruby-2.7.0/x86_64-darwin19 -I/Users/takumi.c.yoshida/.rbenv/versions/2.7.1/include/ruby-2.7.0/ruby/backward -I/Users/takumi.c.yoshida/.rbenv/versions/2.7.1/include/ruby-2.7.0 -I. -I/Users/takumi.c.yoshida/.rbenv/versions/2.7.1/openssl/include -I/Users/takumi.c.yoshida/.rbenv/versions/2.7.1/include -I/usr/local/opt/openssl/include -D_XOPEN_SOURCE -D_DARWIN_C_SOURCE -D_DARWIN_UNLIMITED_SELECT -D_REENTRANT   -O3 -ggdb3 -Wall -Wextra -Wdeprecated-declarations -Wdivision-by-zero -Wimplicit-function-declaration -Wimplicit-int -Wpointer-arith -Wshorten-64-to-32 -Wwrite-strings -Wmissing-noreturn -Wno-constant-logical-operand -Wno-long-long -Wno-missing-field-initializers -Wno-overlength-strings -Wno-parentheses-equality -Wno-self-assign -Wno-tautological-compare -Wno-unused-parameter -Wno-unused-value -Wunused-variable -Wextra-tokens  -fno-common -pipe conftest.c  -L. -L/Users/takumi.c.yoshida/.rbenv/versions/2.7.1/lib -L/Users/takumi.c.yoshida/.rbenv/versions/2.7.1/openssl/lib -L. -L/Users/takumi.c.yoshida/.rbenv/versions/2.7.1/lib -L/usr/local/opt/openssl/lib -fstack-protector-strong -L/usr/local/lib    -lssl -lcrypto  -lruby.2.7 -lssl -lcrypto   "
checked program was:
/* begin */
 1: #include "ruby.h"
 2: 
 3: #include <openssl/ssl.h>
 4: 
 5: /*top*/
 6: extern int t(void);
 7: int main(int argc, char **argv)
 8: {
 9:   if (argc > 1000000) {
10:     int (* volatile tp)(void)=(int (*)(void))&t;
11:     printf("%d", (*tp)());
12:   }
13: 
14:   return !!argv[argc];
15: }
16: int t(void) { void ((*volatile p)()); p = (void ((*)()))TLS_server_method; return !p; }
/* end */

--------------------

have_macro: checking for SSL_CTX_set_min_proto_version in openssl/ssl.h... -------------------- yes

"clang -I/Users/takumi.c.yoshida/.rbenv/versions/2.7.1/include/ruby-2.7.0/x86_64-darwin19 -I/Users/takumi.c.yoshida/.rbenv/versions/2.7.1/include/ruby-2.7.0/ruby/backward -I/Users/takumi.c.yoshida/.rbenv/versions/2.7.1/include/ruby-2.7.0 -I. -I/Users/takumi.c.yoshida/.rbenv/versions/2.7.1/openssl/include -I/Users/takumi.c.yoshida/.rbenv/versions/2.7.1/include -I/usr/local/opt/openssl/include -D_XOPEN_SOURCE -D_DARWIN_C_SOURCE -D_DARWIN_UNLIMITED_SELECT -D_REENTRANT   -O3 -ggdb3 -Wall -Wextra -Wdeprecated-declarations -Wdivision-by-zero -Wimplicit-function-declaration -Wimplicit-int -Wpointer-arith -Wshorten-64-to-32 -Wwrite-strings -Wmissing-noreturn -Wno-constant-logical-operand -Wno-long-long -Wno-missing-field-initializers -Wno-overlength-strings -Wno-parentheses-equality -Wno-self-assign -Wno-tautological-compare -Wno-unused-parameter -Wno-unused-value -Wunused-variable -Wextra-tokens  -fno-common -pipe   -c conftest.c"
checked program was:
/* begin */
1: #include "ruby.h"
2: 
3: #include <openssl/ssl.h>
4: /*top*/
5: #ifndef SSL_CTX_set_min_proto_version
6: # error
7: |:/ === SSL_CTX_set_min_proto_version undefined === /:|
8: #endif
/* end */

--------------------

